<?xml version="1.0" encoding="UTF-8"?>
<!-- Generated by org.testng.reporters.JUnitReportReporter -->
<testsuite hostname="INLEN8520046831" failures="0" tests="1" name="testCase.TC_002_LoginTest" time="1.236" errors="0" timestamp="2023-06-21T15:10:41 IST" skipped="0">
  <testcase classname="testCase.TC_002_LoginTest" name="Test_Login" time="1.236"/>
  <system-out/>
</testsuite> <!-- testCase.TC_002_LoginTest -->
