<?xml version="1.0" encoding="UTF-8"?>
<!-- Generated by org.testng.reporters.JUnitReportReporter -->
<testsuite hostname="INLEN8520046831" failures="0" tests="1" name="testCase.TC_001_AccountRegistration" time="2.103" errors="0" timestamp="2023-06-28T15:18:34 IST" skipped="0">
  <testcase classname="testCase.TC_001_AccountRegistration" name="Account_register" time="2.103"/>
  <system-out/>
</testsuite> <!-- testCase.TC_001_AccountRegistration -->
